08-Nov-17 18:50:48, Info: Initializing SIMPLSharp Services...
08-Nov-17 18:50:49, Info: ProjectInfo successfully initialized.
08-Nov-17 18:50:49, Info: Verifying archive C:\Users\Patrick\Dropbox\Chauffayer\AVIT\Crestron\Simpl\CrestronKNXLibrary.clz...
08-Nov-17 18:50:55, Info: Saving project information...
08-Nov-17 18:50:57, Info: Verifying archive C:\Users\Patrick\Dropbox\Chauffayer\AVIT\Crestron\Simpl\CrestronKNXLibrary.clz...
08-Nov-17 18:50:58, Info: Saving project information...
08-Nov-17 18:50:59, Info: Verifying archive C:\Users\Patrick\Dropbox\Chauffayer\AVIT\Crestron\Simpl\CrestronKNXLibrary.clz...
08-Nov-17 18:50:59, Info: Saving project information...
08-Nov-17 18:51:00, Info: Verifying archive C:\Users\Patrick\Dropbox\Chauffayer\AVIT\Crestron\Simpl\CrestronKNXLibrary.clz...
08-Nov-17 18:51:01, Info: Saving project information...
08-Nov-17 18:51:02, Info: Verifying archive C:\Users\Patrick\Dropbox\Chauffayer\AVIT\Crestron\Simpl\CrestronKNXLibrary.clz...
08-Nov-17 18:51:02, Info: Saving project information...
08-Nov-17 18:51:04, Info: Commiting verification transaction...
08-Nov-17 18:51:04, Info: Saving project information...
08-Nov-17 18:55:52, Info: Initializing SIMPLSharp Services...
08-Nov-17 18:55:52, Info: ProjectInfo successfully initialized.
08-Nov-17 18:55:53, Info: Verifying archive C:\Users\Patrick\Dropbox\Chauffayer\AVIT\Crestron\Simpl\CrestronKNXLibrary.clz...
08-Nov-17 18:55:54, Info: Saving project information...
08-Nov-17 18:55:55, Info: Verifying archive C:\Users\Patrick\Dropbox\Chauffayer\AVIT\Crestron\Simpl\CrestronKNXLibrary.clz...
08-Nov-17 18:55:56, Info: Saving project information...
08-Nov-17 18:55:56, Info: Verifying archive C:\Users\Patrick\Dropbox\Chauffayer\AVIT\Crestron\Simpl\CrestronKNXLibrary.clz...
08-Nov-17 18:55:56, Info: Saving project information...
08-Nov-17 18:55:57, Info: Verifying archive C:\Users\Patrick\Dropbox\Chauffayer\AVIT\Crestron\Simpl\CrestronKNXLibrary.clz...
08-Nov-17 18:55:57, Info: Saving project information...
08-Nov-17 18:55:58, Info: Verifying archive C:\Users\Patrick\Dropbox\Chauffayer\AVIT\Crestron\Simpl\CrestronKNXLibrary.clz...
08-Nov-17 18:55:58, Info: Saving project information...
08-Nov-17 18:55:59, Info: Commiting verification transaction...
08-Nov-17 18:55:59, Info: Saving project information...
08-Nov-17 18:58:35, Info: Terminating SIMPLSharp Services
08-Nov-17 18:58:35, Info: Saving project information...
08-Nov-17 18:58:35, Info: Terminating SIMPLSharp Services
